remark: C:/Xilinx/Vitis_HLS/2022.2/common/technology/autopilot\ap_int_base.h:208:68: Inlining function '_ZN8ssdm_intILi1ELb0EEC2EDq1_j' into 'ap_int_base<1, false>::ap_int_base(bool)'
remark: <unknown>:0:0: Inlining function 'ap_int_base<1, false>::ap_int_base(bool)' into 'ap_uint<1>::ap_uint(bool)'
warning: ../../src/fft_8pt.cpp:23:37: Duplicating function 'std::complex<float> std::operator-<float>(std::complex<float> const&, std::complex<float> const&)' as different function signatures were detected between this call site and other call site(s). This may impact the resources used in the design.
warning: C:/Xilinx/Vitis_HLS/2022.2/tps/mingw/8.3.0/win64.o/nt\lib\gcc\x86_64-w64-mingw32\8.3.0\include\c++\complex:359:11: Duplicating function 'std::complex<float>& std::complex<float>::operator-=<float>(std::complex<float> const&) (.30.54.66.72)' as different function signatures were detected between this call site and other call site(s). This may impact the resources used in the design.
warning: ../../src/fft_8pt.cpp:22:26: Duplicating function 'std::complex<float> std::operator+<float>(std::complex<float> const&, std::complex<float> const&)' as different function signatures were detected between this call site and other call site(s). This may impact the resources used in the design.
warning: C:/Xilinx/Vitis_HLS/2022.2/tps/mingw/8.3.0/win64.o/nt\lib\gcc\x86_64-w64-mingw32\8.3.0\include\c++\complex:329:11: Duplicating function 'std::complex<float>& std::complex<float>::operator+=<float>(std::complex<float> const&) (.78.85.91.97)' as different function signatures were detected between this call site and other call site(s). This may impact the resources used in the design.
warning: C:/Xilinx/Vitis_HLS/2022.2/tps/mingw/8.3.0/win64.o/nt\lib\gcc\x86_64-w64-mingw32\8.3.0\include\c++\complex:1196:23: Duplicating function 'std::complex<float>::imag[abi:cxx11]() const (.33.57)' as different function signatures were detected between this call site and other call site(s). This may impact the resources used in the design.
warning: C:/Xilinx/Vitis_HLS/2022.2/tps/mingw/8.3.0/win64.o/nt\lib\gcc\x86_64-w64-mingw32\8.3.0\include\c++\complex:1177:29: Duplicating function 'std::complex<float>::imag[abi:cxx11]() const (.33.57)' as different function signatures were detected between this call site and other call site(s). This may impact the resources used in the design.
warning: C:/Xilinx/Vitis_HLS/2022.2/tps/mingw/8.3.0/win64.o/nt\lib\gcc\x86_64-w64-mingw32\8.3.0\include\c++\complex:1186:29: Duplicating function 'std::complex<float>::imag[abi:cxx11]() const (.33.57)' as different function signatures were detected between this call site and other call site(s). This may impact the resources used in the design.
warning: C:/Xilinx/Vitis_HLS/2022.2/tps/mingw/8.3.0/win64.o/nt\lib\gcc\x86_64-w64-mingw32\8.3.0\include\c++\complex:1195:23: Duplicating function 'std::complex<float>::real[abi:cxx11]() const (.36.60)' as different function signatures were detected between this call site and other call site(s). This may impact the resources used in the design.
warning: C:/Xilinx/Vitis_HLS/2022.2/tps/mingw/8.3.0/win64.o/nt\lib\gcc\x86_64-w64-mingw32\8.3.0\include\c++\complex:1176:29: Duplicating function 'std::complex<float>::real[abi:cxx11]() const (.36.60)' as different function signatures were detected between this call site and other call site(s). This may impact the resources used in the design.
warning: C:/Xilinx/Vitis_HLS/2022.2/tps/mingw/8.3.0/win64.o/nt\lib\gcc\x86_64-w64-mingw32\8.3.0\include\c++\complex:1185:29: Duplicating function 'std::complex<float>::real[abi:cxx11]() const (.36.60)' as different function signatures were detected between this call site and other call site(s). This may impact the resources used in the design.
warning: ../../src/fft8_IP.h:13:8: Duplicating function 'std::complex<float>::complex(float, float) (.112.115)' as different function signatures were detected between this call site and other call site(s). This may impact the resources used in the design.
remark: ../../src/fft8_IP.h:13:0: Inlining function 'std::complex<float>::complex(float, float) (.112.115.222)' into 'axis_data::axis_data()'
remark: C:/Xilinx/Vitis_HLS/2022.2/tps/mingw/8.3.0/win64.o/nt\lib\gcc\x86_64-w64-mingw32\8.3.0\include\c++\complex:1175:0: Inlining function 'std::complex<float>::real[abi:cxx11]() const (.36.60.221)' into 'std::complex<float>& std::complex<float>::operator+=<float>(std::complex<float> const&) (.78.85.91.97)'
remark: C:/Xilinx/Vitis_HLS/2022.2/tps/mingw/8.3.0/win64.o/nt\lib\gcc\x86_64-w64-mingw32\8.3.0\include\c++\complex:1175:0: Inlining function 'std::complex<float>::imag[abi:cxx11]() const (.33.57.220)' into 'std::complex<float>& std::complex<float>::operator+=<float>(std::complex<float> const&) (.78.85.91.97)'
remark: C:/Xilinx/Vitis_HLS/2022.2/tps/mingw/8.3.0/win64.o/nt\lib\gcc\x86_64-w64-mingw32\8.3.0\include\c++\complex:327:0: Inlining function 'std::complex<float>& std::complex<float>::operator+=<float>(std::complex<float> const&) (.78.85.91.97)' into 'std::complex<float> std::operator+<float>(std::complex<float> const&, std::complex<float> const&) (.218)'
remark: C:/Xilinx/Vitis_HLS/2022.2/tps/mingw/8.3.0/win64.o/nt\lib\gcc\x86_64-w64-mingw32\8.3.0\include\c++\complex:1184:0: Inlining function 'std::complex<float>::real[abi:cxx11]() const (.36.60.221)' into 'std::complex<float>& std::complex<float>::operator-=<float>(std::complex<float> const&) (.30.54.66.72)'
remark: C:/Xilinx/Vitis_HLS/2022.2/tps/mingw/8.3.0/win64.o/nt\lib\gcc\x86_64-w64-mingw32\8.3.0\include\c++\complex:1184:0: Inlining function 'std::complex<float>::imag[abi:cxx11]() const (.33.57.220)' into 'std::complex<float>& std::complex<float>::operator-=<float>(std::complex<float> const&) (.30.54.66.72)'
remark: C:/Xilinx/Vitis_HLS/2022.2/tps/mingw/8.3.0/win64.o/nt\lib\gcc\x86_64-w64-mingw32\8.3.0\include\c++\complex:357:0: Inlining function 'std::complex<float>& std::complex<float>::operator-=<float>(std::complex<float> const&) (.30.54.66.72)' into 'std::complex<float> std::operator-<float>(std::complex<float> const&, std::complex<float> const&) (.216)'
remark: ../../src/fft_8pt.cpp:19:0: Inlining function 'std::complex<float> std::operator+<float>(std::complex<float> const&, std::complex<float> const&) (.218)' into 'bfs1(std::complex<float>*, std::complex<float>*)'
remark: ../../src/fft_8pt.cpp:19:0: Inlining function 'std::complex<float> std::operator-<float>(std::complex<float> const&, std::complex<float> const&) (.216)' into 'bfs1(std::complex<float>*, std::complex<float>*)'
remark: C:/Xilinx/Vitis_HLS/2022.2/tps/mingw/8.3.0/win64.o/nt\lib\gcc\x86_64-w64-mingw32\8.3.0\include\c++\complex:1193:0: Inlining function 'std::complex<float>::real[abi:cxx11]() const (.36.60.221)' into 'std::complex<float>& std::complex<float>::operator*=<float>(std::complex<float> const&) (.42.48.182.191)'
remark: C:/Xilinx/Vitis_HLS/2022.2/tps/mingw/8.3.0/win64.o/nt\lib\gcc\x86_64-w64-mingw32\8.3.0\include\c++\complex:1193:0: Inlining function 'std::complex<float>::imag[abi:cxx11]() const (.33.57.220)' into 'std::complex<float>& std::complex<float>::operator*=<float>(std::complex<float> const&) (.42.48.182.191)'
remark: C:/Xilinx/Vitis_HLS/2022.2/tps/mingw/8.3.0/win64.o/nt\lib\gcc\x86_64-w64-mingw32\8.3.0\include\c++\complex:387:0: Inlining function 'std::complex<float>& std::complex<float>::operator*=<float>(std::complex<float> const&) (.42.48.182.191)' into 'std::complex<float> std::operator*<float>(std::complex<float> const&, std::complex<float> const&)'
remark: C:/Xilinx/Vitis_HLS/2022.2/tps/mingw/8.3.0/win64.o/nt\lib\gcc\x86_64-w64-mingw32\8.3.0\include\c++\complex:1175:0: Inlining function 'std::complex<float>::real[abi:cxx11]() const (.36.60)' into 'std::complex<float>& std::complex<float>::operator+=<float>(std::complex<float> const&) (.78.85.91.97.219)'
remark: C:/Xilinx/Vitis_HLS/2022.2/tps/mingw/8.3.0/win64.o/nt\lib\gcc\x86_64-w64-mingw32\8.3.0\include\c++\complex:1175:0: Inlining function 'std::complex<float>::imag[abi:cxx11]() const (.33.57)' into 'std::complex<float>& std::complex<float>::operator+=<float>(std::complex<float> const&) (.78.85.91.97.219)'
remark: C:/Xilinx/Vitis_HLS/2022.2/tps/mingw/8.3.0/win64.o/nt\lib\gcc\x86_64-w64-mingw32\8.3.0\include\c++\complex:327:0: Inlining function 'std::complex<float>& std::complex<float>::operator+=<float>(std::complex<float> const&) (.78.85.91.97.219)' into 'std::complex<float> std::operator+<float>(std::complex<float> const&, std::complex<float> const&)'
remark: C:/Xilinx/Vitis_HLS/2022.2/tps/mingw/8.3.0/win64.o/nt\lib\gcc\x86_64-w64-mingw32\8.3.0\include\c++\complex:1184:0: Inlining function 'std::complex<float>::real[abi:cxx11]() const (.36.60)' into 'std::complex<float>& std::complex<float>::operator-=<float>(std::complex<float> const&) (.30.54.66.72.217)'
remark: C:/Xilinx/Vitis_HLS/2022.2/tps/mingw/8.3.0/win64.o/nt\lib\gcc\x86_64-w64-mingw32\8.3.0\include\c++\complex:1184:0: Inlining function 'std::complex<float>::imag[abi:cxx11]() const (.33.57)' into 'std::complex<float>& std::complex<float>::operator-=<float>(std::complex<float> const&) (.30.54.66.72.217)'
remark: C:/Xilinx/Vitis_HLS/2022.2/tps/mingw/8.3.0/win64.o/nt\lib\gcc\x86_64-w64-mingw32\8.3.0\include\c++\complex:357:0: Inlining function 'std::complex<float>& std::complex<float>::operator-=<float>(std::complex<float> const&) (.30.54.66.72.217)' into 'std::complex<float> std::operator-<float>(std::complex<float> const&, std::complex<float> const&)'
remark: ../../src/fft_8pt.cpp:26:0: Inlining function 'std::complex<float> std::operator*<float>(std::complex<float> const&, std::complex<float> const&)' into 'bfs2(std::complex<float>*, std::complex<float>*)'
remark: ../../src/fft_8pt.cpp:26:0: Inlining function 'std::complex<float> std::operator+<float>(std::complex<float> const&, std::complex<float> const&)' into 'bfs2(std::complex<float>*, std::complex<float>*)'
remark: ../../src/fft_8pt.cpp:26:0: Inlining function 'std::complex<float> std::operator-<float>(std::complex<float> const&, std::complex<float> const&)' into 'bfs2(std::complex<float>*, std::complex<float>*)'
remark: ../../src/fft_8pt.cpp:35:0: Inlining function 'std::complex<float> std::operator*<float>(std::complex<float> const&, std::complex<float> const&)' into 'bfs3(std::complex<float>*, std::complex<float>*)'
remark: ../../src/fft_8pt.cpp:35:0: Inlining function 'std::complex<float> std::operator+<float>(std::complex<float> const&, std::complex<float> const&)' into 'bfs3(std::complex<float>*, std::complex<float>*)'
remark: ../../src/fft_8pt.cpp:35:0: Inlining function 'std::complex<float> std::operator-<float>(std::complex<float> const&, std::complex<float> const&)' into 'bfs3(std::complex<float>*, std::complex<float>*)'
remark: ../../src/fft_8pt.cpp:42:0: Inlining function 'std::complex<float>::complex(float, float) (.112.115)' into 'fft_8pt(hls::stream<axis_data, 0>&, hls::stream<axis_data, 0>&)'
remark: ../../src/fft_8pt.cpp:42:0: Inlining function 'axis_data::axis_data()' into 'fft_8pt(hls::stream<axis_data, 0>&, hls::stream<axis_data, 0>&)'
remark: ../../src/fft_8pt.cpp:42:0: Inlining function 'bit_reverse(std::complex<float>*, std::complex<float>*)' into 'fft_8pt(hls::stream<axis_data, 0>&, hls::stream<axis_data, 0>&)'
remark: ../../src/fft_8pt.cpp:42:0: Inlining function 'bfs1(std::complex<float>*, std::complex<float>*)' into 'fft_8pt(hls::stream<axis_data, 0>&, hls::stream<axis_data, 0>&)'
