C:\Users\prathuish\Desktop\HLS\FFT\build\vhls\fft_8pt\pynq\.autopilot\db\fft_8pt.pp.0.cpp:1453:7: warning: Added loop label VITIS_LOOP_1211_1:   [xilinx-label-all-loops]
      for (i = 0; i < __N - 1; ++i) {
      ^~~
      VITIS_LOOP_1211_1: 
C:\Users\prathuish\Desktop\HLS\FFT\build\vhls\fft_8pt\pynq\.autopilot\db\fft_8pt.pp.0.cpp:1453:7: note: FIX-IT applied suggested code changes
C:\Users\prathuish\Desktop\HLS\FFT\build\vhls\fft_8pt\pynq\.autopilot\db\fft_8pt.pp.0.cpp:2427:5: warning: Added loop label VITIS_LOOP_676_1:   [xilinx-label-all-loops]
    for (unsigned i = low; i != high; ++i) {
    ^~~
    VITIS_LOOP_676_1: 
C:\Users\prathuish\Desktop\HLS\FFT\build\vhls\fft_8pt\pynq\.autopilot\db\fft_8pt.pp.0.cpp:2427:5: note: FIX-IT applied suggested code changes
C:\Users\prathuish\Desktop\HLS\FFT\build\vhls\fft_8pt\pynq\.autopilot\db\fft_8pt.pp.0.cpp:2441:5: warning: Added loop label VITIS_LOOP_690_1:   [xilinx-label-all-loops]
    for (unsigned i = low; i != high; ++i) {
    ^~~
    VITIS_LOOP_690_1: 
C:\Users\prathuish\Desktop\HLS\FFT\build\vhls\fft_8pt\pynq\.autopilot\db\fft_8pt.pp.0.cpp:2441:5: note: FIX-IT applied suggested code changes
C:\Users\prathuish\Desktop\HLS\FFT\build\vhls\fft_8pt\pynq\.autopilot\db\fft_8pt.pp.0.cpp:2455:5: warning: Added loop label VITIS_LOOP_704_1:   [xilinx-label-all-loops]
    for (unsigned i = low; i != high; ++i) {
    ^~~
    VITIS_LOOP_704_1: 
C:\Users\prathuish\Desktop\HLS\FFT\build\vhls\fft_8pt\pynq\.autopilot\db\fft_8pt.pp.0.cpp:2455:5: note: FIX-IT applied suggested code changes
C:\Users\prathuish\Desktop\HLS\FFT\build\vhls\fft_8pt\pynq\.autopilot\db\fft_8pt.pp.0.cpp:4066:7: warning: Added loop label VITIS_LOOP_1245_1:   [xilinx-label-all-loops]
      for (i = 0; i < __N - 1; ++i) {
      ^~~
      VITIS_LOOP_1245_1: 
C:\Users\prathuish\Desktop\HLS\FFT\build\vhls\fft_8pt\pynq\.autopilot\db\fft_8pt.pp.0.cpp:4066:7: note: FIX-IT applied suggested code changes
C:\Users\prathuish\Desktop\HLS\FFT\build\vhls\fft_8pt\pynq\.autopilot\db\fft_8pt.pp.0.cpp:35992:5: warning: Added loop label VITIS_LOOP_14_1:   [xilinx-label-all-loops]
    for (int i = 0; i < 8; i++) {
    ^~~
    VITIS_LOOP_14_1: 
C:\Users\prathuish\Desktop\HLS\FFT\build\vhls\fft_8pt\pynq\.autopilot\db\fft_8pt.pp.0.cpp:35992:5: note: FIX-IT applied suggested code changes
C:\Users\prathuish\Desktop\HLS\FFT\build\vhls\fft_8pt\pynq\.autopilot\db\fft_8pt.pp.0.cpp:35998:5: warning: Added loop label VITIS_LOOP_20_1:   [xilinx-label-all-loops]
    for (int i = 0; i < 8; i += 2) {
    ^~~
    VITIS_LOOP_20_1: 
C:\Users\prathuish\Desktop\HLS\FFT\build\vhls\fft_8pt\pynq\.autopilot\db\fft_8pt.pp.0.cpp:35998:5: note: FIX-IT applied suggested code changes
C:\Users\prathuish\Desktop\HLS\FFT\build\vhls\fft_8pt\pynq\.autopilot\db\fft_8pt.pp.0.cpp:36005:5: warning: Added loop label VITIS_LOOP_27_1:   [xilinx-label-all-loops]
    for (int i = 0; i < 8; i += 4) {
    ^~~
    VITIS_LOOP_27_1: 
C:\Users\prathuish\Desktop\HLS\FFT\build\vhls\fft_8pt\pynq\.autopilot\db\fft_8pt.pp.0.cpp:36005:5: note: FIX-IT applied suggested code changes
C:\Users\prathuish\Desktop\HLS\FFT\build\vhls\fft_8pt\pynq\.autopilot\db\fft_8pt.pp.0.cpp:36006:9: warning: Added loop label VITIS_LOOP_28_2:   [xilinx-label-all-loops]
        for (int j = 0; j < 2; ++j) {
        ^~~
        VITIS_LOOP_28_2: 
C:\Users\prathuish\Desktop\HLS\FFT\build\vhls\fft_8pt\pynq\.autopilot\db\fft_8pt.pp.0.cpp:36006:9: note: FIX-IT applied suggested code changes
C:\Users\prathuish\Desktop\HLS\FFT\build\vhls\fft_8pt\pynq\.autopilot\db\fft_8pt.pp.0.cpp:36014:5: warning: Added loop label VITIS_LOOP_36_1:   [xilinx-label-all-loops]
    for (int i = 0; i < 8 / 2; i++) {
    ^~~
    VITIS_LOOP_36_1: 
C:\Users\prathuish\Desktop\HLS\FFT\build\vhls\fft_8pt\pynq\.autopilot\db\fft_8pt.pp.0.cpp:36014:5: note: FIX-IT applied suggested code changes
C:\Users\prathuish\Desktop\HLS\FFT\build\vhls\fft_8pt\pynq\.autopilot\db\fft_8pt.pp.0.cpp:36037:2: warning: Added loop label VITIS_LOOP_55_1:   [xilinx-label-all-loops]
 for (int i = 0; i < 8; i++) {
 ^~~
 VITIS_LOOP_55_1: 
C:\Users\prathuish\Desktop\HLS\FFT\build\vhls\fft_8pt\pynq\.autopilot\db\fft_8pt.pp.0.cpp:36037:2: note: FIX-IT applied suggested code changes
C:\Users\prathuish\Desktop\HLS\FFT\build\vhls\fft_8pt\pynq\.autopilot\db\fft_8pt.pp.0.cpp:36054:2: warning: Added loop label VITIS_LOOP_72_2:   [xilinx-label-all-loops]
 for (int i = 0; i < 8; i++) {
 ^~~
 VITIS_LOOP_72_2: 
C:\Users\prathuish\Desktop\HLS\FFT\build\vhls\fft_8pt\pynq\.autopilot\db\fft_8pt.pp.0.cpp:36054:2: note: FIX-IT applied suggested code changes
