

================================================================
== Vitis HLS Report for 'fft_8pt_Pipeline_VITIS_LOOP_14_1'
================================================================
* Date:           Sat May 31 09:38:46 2025

* Version:        2022.2 (Build 3670227 on Oct 13 2022)
* Project:        fft_8pt
* Solution:       pynq (Vivado IP Flow Target)
* Product family: zynq
* Target device:  xc7z020-clg400-1


================================================================
== Performance Estimates
================================================================
+ Timing: 
    * Summary: 
    +--------+----------+----------+------------+
    |  Clock |  Target  | Estimated| Uncertainty|
    +--------+----------+----------+------------+
    |ap_clk  |  10.00 ns|  4.644 ns|     2.70 ns|
    +--------+----------+----------+------------+

+ Latency: 
    * Summary: 
    +---------+---------+----------+----------+-----+-----+---------+
    |  Latency (cycles) |  Latency (absolute) |  Interval | Pipeline|
    |   min   |   max   |    min   |    max   | min | max |   Type  |
    +---------+---------+----------+----------+-----+-----+---------+
    |       11|       11|  0.110 us|  0.110 us|   11|   11|       no|
    +---------+---------+----------+----------+-----+-----+---------+

    + Detail: 
        * Instance: 
        N/A

        * Loop: 
        +-------------------+---------+---------+----------+-----------+-----------+------+----------+
        |                   |  Latency (cycles) | Iteration|  Initiation Interval  | Trip |          |
        |     Loop Name     |   min   |   max   |  Latency |  achieved |   target  | Count| Pipelined|
        +-------------------+---------+---------+----------+-----------+-----------+------+----------+
        |- VITIS_LOOP_14_1  |        9|        9|         3|          1|          1|     8|       yes|
        +-------------------+---------+---------+----------+-----------+-----------+------+----------+

============================================================
+ Verbose Summary: Synthesis Manager
============================================================
InlineROM: 1
ExposeGlobal: 0
============================================================
+ Verbose Summary: CDFG Model
============================================================
IsTopModel: 0
ResetActiveHigh: 1
IsCombinational: 0
IsDatapathOnly: 0
HasWiredReturn: 1
HasMFsm: 2
HasVarLatency: 1
IsPipeline: 0
IsRtlPipelined: 0
IsInstanceOverlapped: 0
IsDontTouch: 0
HasImplIP: 0
IsGatedGlobalClock: 0

+ Individual pipeline summary: 
  * Pipeline-0: initiation interval (II) = 1, depth = 3


============================================================
+ Verbose Summary: Schedule
============================================================
* Number of FSM states : 3
* Pipeline : 1
  Pipeline-0 : II = 1, D = 3, States = { 1 2 3 }
* Dataflow Pipeline: 0

* FSM state transitions: 
1 --> 2 
2 --> 3 
3 --> 

* FSM state operations: 

State 1 <SV = 0> <Delay = 3.32>
ST_1 : Operation 6 [1/1] (0.00ns)   --->   "%i_1 = alloca i32 1"   --->   Operation 6 'alloca' 'i_1' <Predicate = true> <Delay = 0.00>
ST_1 : Operation 7 [1/1] (1.58ns)   --->   "%store_ln0 = store i4 0, i4 %i_1"   --->   Operation 7 'store' 'store_ln0' <Predicate = true> <Delay = 1.58>
ST_1 : Operation 8 [1/1] (0.00ns)   --->   "%br_ln0 = br void %for.inc.i"   --->   Operation 8 'br' 'br_ln0' <Predicate = true> <Delay = 0.00>
ST_1 : Operation 9 [1/1] (0.00ns)   --->   "%i = load i4 %i_1" [../../src/fft_8pt.cpp:14]   --->   Operation 9 'load' 'i' <Predicate = true> <Delay = 0.00>
ST_1 : Operation 10 [1/1] (0.00ns)   --->   "%specpipeline_ln0 = specpipeline void @_ssdm_op_SpecPipeline, i32 4294967295, i32 0, i32 1, i32 0, void @p_str"   --->   Operation 10 'specpipeline' 'specpipeline_ln0' <Predicate = true> <Delay = 0.00>
ST_1 : Operation 11 [1/1] (1.30ns)   --->   "%icmp_ln14 = icmp_eq  i4 %i, i4 8" [../../src/fft_8pt.cpp:14]   --->   Operation 11 'icmp' 'icmp_ln14' <Predicate = true> <Delay = 1.30> <CoreInst = "Cmp">   --->   Core 9 'Cmp' <Latency = 0> <II = 1> <Delay = 1.30> <FuncUnit> <Opcode : 'icmp'> <InPorts = 2> <OutPorts = 1>
ST_1 : Operation 12 [1/1] (0.00ns)   --->   "%empty = speclooptripcount i32 @_ssdm_op_SpecLoopTripCount, i64 8, i64 8, i64 8"   --->   Operation 12 'speclooptripcount' 'empty' <Predicate = true> <Delay = 0.00>
ST_1 : Operation 13 [1/1] (1.73ns)   --->   "%add_ln14 = add i4 %i, i4 1" [../../src/fft_8pt.cpp:14]   --->   Operation 13 'add' 'add_ln14' <Predicate = true> <Delay = 1.73> <CoreInst = "Adder">   --->   Core 1 'Adder' <Latency = 0> <II = 1> <Delay = 1.73> <FuncUnit> <Opcode : 'add' 'sub'> <InPorts = 2> <OutPorts = 1>
ST_1 : Operation 14 [1/1] (0.00ns)   --->   "%br_ln14 = br i1 %icmp_ln14, void %for.inc.i.split, void %for.inc.i102.preheader.exitStub" [../../src/fft_8pt.cpp:14]   --->   Operation 14 'br' 'br_ln14' <Predicate = true> <Delay = 0.00>
ST_1 : Operation 15 [1/1] (0.00ns)   --->   "%i_1_cast = zext i4 %i" [../../src/fft_8pt.cpp:14]   --->   Operation 15 'zext' 'i_1_cast' <Predicate = (!icmp_ln14)> <Delay = 0.00>
ST_1 : Operation 16 [1/1] (0.00ns)   --->   "%rev8_addr = getelementptr i3 %rev8, i64 0, i64 %i_1_cast" [../../src/fft_8pt.cpp:15]   --->   Operation 16 'getelementptr' 'rev8_addr' <Predicate = (!icmp_ln14)> <Delay = 0.00>
ST_1 : Operation 17 [2/2] (2.32ns)   --->   "%rev8_load = load i3 %rev8_addr" [../../src/fft_8pt.cpp:15]   --->   Operation 17 'load' 'rev8_load' <Predicate = (!icmp_ln14)> <Delay = 2.32> <CoreInst = "ROM">   --->   Core 95 'ROM' <Latency = 1> <II = 1> <Delay = 2.32> <Storage> <Opcode : 'load'> <Ports = 0> <Width = 3> <Depth = 8> <ROM>
ST_1 : Operation 18 [1/1] (1.58ns)   --->   "%store_ln14 = store i4 %add_ln14, i4 %i_1" [../../src/fft_8pt.cpp:14]   --->   Operation 18 'store' 'store_ln14' <Predicate = (!icmp_ln14)> <Delay = 1.58>

State 2 <SV = 1> <Delay = 4.64>
ST_2 : Operation 19 [1/2] (2.32ns)   --->   "%rev8_load = load i3 %rev8_addr" [../../src/fft_8pt.cpp:15]   --->   Operation 19 'load' 'rev8_load' <Predicate = true> <Delay = 2.32> <CoreInst = "ROM">   --->   Core 95 'ROM' <Latency = 1> <II = 1> <Delay = 2.32> <Storage> <Opcode : 'load'> <Ports = 0> <Width = 3> <Depth = 8> <ROM>
ST_2 : Operation 20 [1/1] (0.00ns)   --->   "%zext_ln15 = zext i3 %rev8_load" [../../src/fft_8pt.cpp:15]   --->   Operation 20 'zext' 'zext_ln15' <Predicate = true> <Delay = 0.00>
ST_2 : Operation 21 [1/1] (0.00ns)   --->   "%buffer_M_value_addr = getelementptr i32 %buffer_M_value, i64 0, i64 %zext_ln15" [../../src/fft_8pt.cpp:15]   --->   Operation 21 'getelementptr' 'buffer_M_value_addr' <Predicate = true> <Delay = 0.00>
ST_2 : Operation 22 [1/1] (0.00ns)   --->   "%buffer_M_value_1_addr = getelementptr i32 %buffer_M_value_1, i64 0, i64 %zext_ln15" [../../src/fft_8pt.cpp:15]   --->   Operation 22 'getelementptr' 'buffer_M_value_1_addr' <Predicate = true> <Delay = 0.00>
ST_2 : Operation 23 [2/2] (2.32ns)   --->   "%buffer_M_value_load = load i3 %buffer_M_value_addr" [../../src/fft_8pt.cpp:15]   --->   Operation 23 'load' 'buffer_M_value_load' <Predicate = true> <Delay = 2.32> <CoreInst = "RAM">   --->   Core 82 'RAM' <Latency = 1> <II = 1> <Delay = 2.32> <Storage> <Opcode : 'load' 'store'> <Ports = 2> <Width = 32> <Depth = 8> <RAM>
ST_2 : Operation 24 [2/2] (2.32ns)   --->   "%buffer_M_value_1_load = load i3 %buffer_M_value_1_addr" [../../src/fft_8pt.cpp:15]   --->   Operation 24 'load' 'buffer_M_value_1_load' <Predicate = true> <Delay = 2.32> <CoreInst = "RAM">   --->   Core 82 'RAM' <Latency = 1> <II = 1> <Delay = 2.32> <Storage> <Opcode : 'load' 'store'> <Ports = 2> <Width = 32> <Depth = 8> <RAM>
ST_2 : Operation 33 [1/1] (0.00ns)   --->   "%ret_ln0 = ret"   --->   Operation 33 'ret' 'ret_ln0' <Predicate = (icmp_ln14)> <Delay = 0.00>

State 3 <SV = 2> <Delay = 4.64>
ST_3 : Operation 25 [1/1] (0.00ns)   --->   "%specloopname_ln14 = specloopname void @_ssdm_op_SpecLoopName, void @empty_8" [../../src/fft_8pt.cpp:14]   --->   Operation 25 'specloopname' 'specloopname_ln14' <Predicate = true> <Delay = 0.00>
ST_3 : Operation 26 [1/1] (0.00ns)   --->   "%reversed_buffer_M_value_addr = getelementptr i32 %reversed_buffer_M_value, i64 0, i64 %i_1_cast" [../../src/fft_8pt.cpp:15]   --->   Operation 26 'getelementptr' 'reversed_buffer_M_value_addr' <Predicate = true> <Delay = 0.00>
ST_3 : Operation 27 [1/1] (0.00ns)   --->   "%reversed_buffer_M_value_1_addr = getelementptr i32 %reversed_buffer_M_value_1, i64 0, i64 %i_1_cast" [../../src/fft_8pt.cpp:15]   --->   Operation 27 'getelementptr' 'reversed_buffer_M_value_1_addr' <Predicate = true> <Delay = 0.00>
ST_3 : Operation 28 [1/2] (2.32ns)   --->   "%buffer_M_value_load = load i3 %buffer_M_value_addr" [../../src/fft_8pt.cpp:15]   --->   Operation 28 'load' 'buffer_M_value_load' <Predicate = true> <Delay = 2.32> <CoreInst = "RAM">   --->   Core 82 'RAM' <Latency = 1> <II = 1> <Delay = 2.32> <Storage> <Opcode : 'load' 'store'> <Ports = 2> <Width = 32> <Depth = 8> <RAM>
ST_3 : Operation 29 [1/2] (2.32ns)   --->   "%buffer_M_value_1_load = load i3 %buffer_M_value_1_addr" [../../src/fft_8pt.cpp:15]   --->   Operation 29 'load' 'buffer_M_value_1_load' <Predicate = true> <Delay = 2.32> <CoreInst = "RAM">   --->   Core 82 'RAM' <Latency = 1> <II = 1> <Delay = 2.32> <Storage> <Opcode : 'load' 'store'> <Ports = 2> <Width = 32> <Depth = 8> <RAM>
ST_3 : Operation 30 [1/1] (2.32ns)   --->   "%store_ln15 = store i32 %buffer_M_value_load, i3 %reversed_buffer_M_value_addr" [../../src/fft_8pt.cpp:15]   --->   Operation 30 'store' 'store_ln15' <Predicate = true> <Delay = 2.32> <CoreInst = "RAM">   --->   Core 82 'RAM' <Latency = 1> <II = 1> <Delay = 2.32> <Storage> <Opcode : 'load' 'store'> <Ports = 2> <Width = 32> <Depth = 8> <RAM>
ST_3 : Operation 31 [1/1] (2.32ns)   --->   "%store_ln15 = store i32 %buffer_M_value_1_load, i3 %reversed_buffer_M_value_1_addr" [../../src/fft_8pt.cpp:15]   --->   Operation 31 'store' 'store_ln15' <Predicate = true> <Delay = 2.32> <CoreInst = "RAM">   --->   Core 82 'RAM' <Latency = 1> <II = 1> <Delay = 2.32> <Storage> <Opcode : 'load' 'store'> <Ports = 2> <Width = 32> <Depth = 8> <RAM>
ST_3 : Operation 32 [1/1] (0.00ns)   --->   "%br_ln14 = br void %for.inc.i" [../../src/fft_8pt.cpp:14]   --->   Operation 32 'br' 'br_ln14' <Predicate = true> <Delay = 0.00>


============================================================
+ Verbose Summary: Timing violations
============================================================
Target clock period: 10ns, clock uncertainty: 2.7ns.

 <State 1>: 3.32ns
The critical path consists of the following:
	'alloca' operation ('i') [6]  (0 ns)
	'load' operation ('i', ../../src/fft_8pt.cpp:14) on local variable 'i' [10]  (0 ns)
	'add' operation ('add_ln14', ../../src/fft_8pt.cpp:14) [14]  (1.74 ns)
	'store' operation ('store_ln14', ../../src/fft_8pt.cpp:14) of variable 'add_ln14', ../../src/fft_8pt.cpp:14 on local variable 'i' [30]  (1.59 ns)

 <State 2>: 4.64ns
The critical path consists of the following:
	'load' operation ('rev8_load', ../../src/fft_8pt.cpp:15) on array 'rev8' [20]  (2.32 ns)
	'getelementptr' operation ('buffer_M_value_addr', ../../src/fft_8pt.cpp:15) [22]  (0 ns)
	'load' operation ('buffer_M_value_load', ../../src/fft_8pt.cpp:15) on array 'buffer_M_value' [26]  (2.32 ns)

 <State 3>: 4.64ns
The critical path consists of the following:
	'load' operation ('buffer_M_value_load', ../../src/fft_8pt.cpp:15) on array 'buffer_M_value' [26]  (2.32 ns)
	'store' operation ('store_ln15', ../../src/fft_8pt.cpp:15) of variable 'buffer_M_value_load', ../../src/fft_8pt.cpp:15 on array 'reversed_buffer_M_value' [28]  (2.32 ns)


============================================================
+ Verbose Summary: Binding
============================================================
N/A
* FSMD analyzer results:
  - Output states:
 - Input state : 
  - Chain level:
	State 1
	State 2
	State 3


============================================================
+ Verbose Summary: Datapath Resource usage 
============================================================
N/A
