In file included from ../../src/fft_8pt.cpp:1:
In file included from ../../src/fft8_IP.h:2:
In file included from C:/Xilinx/Vitis_HLS/2022.2/common/technology/autopilot\ap_int.h:12:
C:/Xilinx/Vitis_HLS/2022.2/common/technology/autopilot\ap_int_ref.h:678:9: warning: HLS pragma dump _XLX_SEP_ PragmaIsValid=1_XLX_SEP_ PragmaType=unroll_XLX_SEP_ PragmaContext=_XLX_SEP_ PragmaFunction=and_reduce_XLX_SEP_ PragmaOptions=_XLX_SEP_ [-Wdump-hls-pragmas]
#pragma HLS unroll
        ^
C:/Xilinx/Vitis_HLS/2022.2/common/technology/autopilot\ap_int_ref.h:692:9: warning: HLS pragma dump _XLX_SEP_ PragmaIsValid=1_XLX_SEP_ PragmaType=unroll_XLX_SEP_ PragmaContext=_XLX_SEP_ PragmaFunction=or_reduce_XLX_SEP_ PragmaOptions=_XLX_SEP_ [-Wdump-hls-pragmas]
#pragma HLS unroll
        ^
C:/Xilinx/Vitis_HLS/2022.2/common/technology/autopilot\ap_int_ref.h:706:9: warning: HLS pragma dump _XLX_SEP_ PragmaIsValid=1_XLX_SEP_ PragmaType=unroll_XLX_SEP_ PragmaContext=_XLX_SEP_ PragmaFunction=xor_reduce_XLX_SEP_ PragmaOptions=_XLX_SEP_ [-Wdump-hls-pragmas]
#pragma HLS unroll
        ^
../../src/fft_8pt.cpp:21:9: warning: HLS pragma dump _XLX_SEP_ PragmaIsValid=1_XLX_SEP_ PragmaType=pipeline_XLX_SEP_ PragmaContext=_XLX_SEP_ PragmaFunction=bfs1_XLX_SEP_ PragmaOptions=II = 1_XLX_SEP_ [-Wdump-hls-pragmas]
#pragma HLS PIPELINE II = 1
        ^
../../src/fft_8pt.cpp:29:9: warning: HLS pragma dump _XLX_SEP_ PragmaIsValid=1_XLX_SEP_ PragmaType=pipeline_XLX_SEP_ PragmaContext=_XLX_SEP_ PragmaFunction=bfs2_XLX_SEP_ PragmaOptions=II = 1_XLX_SEP_ [-Wdump-hls-pragmas]
#pragma HLS PIPELINE II = 1
        ^
../../src/fft_8pt.cpp:37:9: warning: HLS pragma dump _XLX_SEP_ PragmaIsValid=1_XLX_SEP_ PragmaType=pipeline_XLX_SEP_ PragmaContext=_XLX_SEP_ PragmaFunction=bfs3_XLX_SEP_ PragmaOptions=II =1_XLX_SEP_ [-Wdump-hls-pragmas]
#pragma HLS PIPELINE II =1
        ^
C:/Users/prathuish/Desktop/HLS/FFT/src/common.tcl:39:9: warning: HLS pragma dump _XLX_SEP_ PragmaIsValid=1_XLX_SEP_ PragmaType=top_XLX_SEP_ PragmaContext=directive_XLX_SEP_ PragmaFunction=fft_8pt_XLX_SEP_ PragmaOptions=name=fft_8pt_XLX_SEP_ [-Wdump-hls-pragmas]
#pragma HLSDIRECTIVE TOP name=fft_8pt
        ^
../../src/fft_8pt.cpp:44:9: warning: HLS pragma dump _XLX_SEP_ PragmaIsValid=1_XLX_SEP_ PragmaType=interface_XLX_SEP_ PragmaContext=_XLX_SEP_ PragmaFunction=fft_8pt_XLX_SEP_ PragmaOptions=axis register both port=in_stream_XLX_SEP_ [-Wdump-hls-pragmas]
#pragma HLS INTERFACE axis register both port=in_stream
        ^
../../src/fft_8pt.cpp:45:9: warning: HLS pragma dump _XLX_SEP_ PragmaIsValid=1_XLX_SEP_ PragmaType=interface_XLX_SEP_ PragmaContext=_XLX_SEP_ PragmaFunction=fft_8pt_XLX_SEP_ PragmaOptions=axis register both port=out_stream_XLX_SEP_ [-Wdump-hls-pragmas]
#pragma HLS INTERFACE axis register both port=out_stream
        ^
../../src/fft_8pt.cpp:46:9: warning: HLS pragma dump _XLX_SEP_ PragmaIsValid=1_XLX_SEP_ PragmaType=interface_XLX_SEP_ PragmaContext=_XLX_SEP_ PragmaFunction=fft_8pt_XLX_SEP_ PragmaOptions=ap_ctrl_none port=return_XLX_SEP_ [-Wdump-hls-pragmas]
#pragma HLS INTERFACE ap_ctrl_none port=return
        ^
../../src/fft_8pt.cpp:56:9: warning: HLS pragma dump _XLX_SEP_ PragmaIsValid=1_XLX_SEP_ PragmaType=pipeline_XLX_SEP_ PragmaContext=_XLX_SEP_ PragmaFunction=fft_8pt_XLX_SEP_ PragmaOptions=II= 1_XLX_SEP_ [-Wdump-hls-pragmas]
#pragma HLS PIPELINE II= 1
        ^
../../src/fft_8pt.cpp:73:9: warning: HLS pragma dump _XLX_SEP_ PragmaIsValid=1_XLX_SEP_ PragmaType=pipeline_XLX_SEP_ PragmaContext=_XLX_SEP_ PragmaFunction=fft_8pt_XLX_SEP_ PragmaOptions=II =1_XLX_SEP_ [-Wdump-hls-pragmas]
#pragma HLS PIPELINE II =1
        ^
12 warnings generated.
